<?xml version="1.0" encoding="UTF-8"?>
<!-- Generated by org.testng.reporters.JUnitXMLReporter -->
<testsuite hostname="MAIS-JARADAT" ignored="0" name="chromeRegistrationTesting" tests="12" failures="0" timestamp="17 يول 2019 12:13:28 GMT" time="252.468" errors="0">
  <testcase name="regTest" time="0.021" classname="FG_RegistrationTest.RegistrationTesting">
    <skipped/>
  </testcase> <!-- regTest -->
  <testcase name="regTest" time="0.019" classname="FG_RegistrationTest.RegistrationTesting">
    <skipped/>
  </testcase> <!-- regTest -->
  <testcase name="regTest" time="177.802" classname="FG_RegistrationTest.RegistrationTesting"/>
  <testcase name="regTest" time="50.899" classname="FG_RegistrationTest.RegistrationTesting"/>
  <testcase name="regTest" time="0.003" classname="FG_RegistrationTest.RegistrationTesting">
    <skipped/>
  </testcase> <!-- regTest -->
  <testcase name="regTest" time="0.003" classname="FG_RegistrationTest.RegistrationTesting">
    <skipped/>
  </testcase> <!-- regTest -->
  <testcase name="regTest" time="0.002" classname="FG_RegistrationTest.RegistrationTesting">
    <skipped/>
  </testcase> <!-- regTest -->
  <testcase name="regTest" time="0.002" classname="FG_RegistrationTest.RegistrationTesting">
    <skipped/>
  </testcase> <!-- regTest -->
  <testcase name="regTest" time="0.004" classname="FG_RegistrationTest.RegistrationTesting">
    <skipped/>
  </testcase> <!-- regTest -->
  <testcase name="regTest" time="0.003" classname="FG_RegistrationTest.RegistrationTesting">
    <skipped/>
  </testcase> <!-- regTest -->
  <testcase name="regTest" time="0.002" classname="FG_RegistrationTest.RegistrationTesting">
    <skipped/>
  </testcase> <!-- regTest -->
  <testcase name="regTest" time="0.003" classname="FG_RegistrationTest.RegistrationTesting">
    <skipped/>
  </testcase> <!-- regTest -->
</testsuite> <!-- chromeRegistrationTesting -->
