<?xml version="1.0" encoding="UTF-8"?>
<!-- Generated by org.testng.reporters.JUnitXMLReporter -->
<testsuite hostname="MAIS-JARADAT" ignored="0" name="real mopileRegistrationTesting" tests="12" failures="0" timestamp="28 يول 2019 14:34:48 GMT" time="86.846" errors="0">
  <testcase name="regTest" time="0.181" classname="FG_RegistrationTest.RegistrationTesting">
    <skipped/>
  </testcase> <!-- regTest -->
  <testcase name="regTest" time="0.005" classname="FG_RegistrationTest.RegistrationTesting">
    <skipped/>
  </testcase> <!-- regTest -->
  <testcase name="regTest" time="47.224" classname="FG_RegistrationTest.RegistrationTesting">
    <skipped/>
  </testcase> <!-- regTest -->
  <testcase name="regTest" time="0.544" classname="FG_RegistrationTest.RegistrationTesting">
    <skipped/>
  </testcase> <!-- regTest -->
  <testcase name="regTest" time="0.004" classname="FG_RegistrationTest.RegistrationTesting">
    <skipped/>
  </testcase> <!-- regTest -->
  <testcase name="regTest" time="0.003" classname="FG_RegistrationTest.RegistrationTesting">
    <skipped/>
  </testcase> <!-- regTest -->
  <testcase name="regTest" time="0.003" classname="FG_RegistrationTest.RegistrationTesting">
    <skipped/>
  </testcase> <!-- regTest -->
  <testcase name="regTest" time="0.005" classname="FG_RegistrationTest.RegistrationTesting">
    <skipped/>
  </testcase> <!-- regTest -->
  <testcase name="regTest" time="0.004" classname="FG_RegistrationTest.RegistrationTesting">
    <skipped/>
  </testcase> <!-- regTest -->
  <testcase name="regTest" time="0.003" classname="FG_RegistrationTest.RegistrationTesting">
    <skipped/>
  </testcase> <!-- regTest -->
  <testcase name="regTest" time="0.002" classname="FG_RegistrationTest.RegistrationTesting">
    <skipped/>
  </testcase> <!-- regTest -->
  <testcase name="regTest" time="0.007" classname="FG_RegistrationTest.RegistrationTesting">
    <skipped/>
  </testcase> <!-- regTest -->
</testsuite> <!-- real mopileRegistrationTesting -->
