<?xml version="1.0" encoding="UTF-8"?>
<!-- Generated by org.testng.reporters.JUnitXMLReporter -->
<testsuite hostname="MAIS-JARADAT" ignored="0" name="Default test" tests="10" failures="0" timestamp="10 يول 2019 07:33:42 GMT" time="215.166" errors="0">
  <testcase name="verifyInvalidEmail" time="3.314" classname="FG_RegistrationTest.NewTest"/>
  <testcase name="verifyEmailAddressNotRegistered" time="3.028" classname="FG_RegistrationTest.NewTest"/>
  <testcase name="verifyEmailConfirmationFelides" time="3.104" classname="FG_RegistrationTest.NewTest"/>
  <testcase name="verifysuccsessRegisgtration" time="14.766" classname="FG_RegistrationTest.NewTest"/>
  <testcase name="verifyPasswordContainsAtLeast1Digit" time="3.209" classname="FG_RegistrationTest.NewTest"/>
  <testcase name="verifyEmptyRegistrationFields" time="2.275" classname="FG_RegistrationTest.NewTest"/>
  <testcase name="verifyPasswordContainsAtLeast1Letter" time="3.114" classname="FG_RegistrationTest.NewTest"/>
  <testcase name="verifyPasswordContainsAtLeast6Characters" time="3.373" classname="FG_RegistrationTest.NewTest"/>
  <testcase name="verifyPasswordNotContainsSameCharacter4Time" time="3.093" classname="FG_RegistrationTest.NewTest"/>
  <testcase name="verifyPasswordConfirmationFiled" time="3.376" classname="FG_RegistrationTest.NewTest"/>
</testsuite> <!-- Default test -->
