<?xml version="1.0" encoding="UTF-8"?>
<!-- Generated by org.testng.reporters.JUnitXMLReporter -->
<testsuite hostname="MAIS-JARADAT" ignored="0" name="Default test" tests="12" failures="1" timestamp="23 يول 2019 10:40:56 GMT" time="256.806" errors="0">
  <testcase name="regTest" time="0.023" classname="FG_RegistrationTest.mopileRegTest">
    <skipped/>
  </testcase> <!-- regTest -->
  <testcase name="regTest" time="0.014" classname="FG_RegistrationTest.mopileRegTest">
    <skipped/>
  </testcase> <!-- regTest -->
  <testcase name="regTest" time="116.511" classname="FG_RegistrationTest.mopileRegTest">
    <failure type="java.lang.AssertionError" message="actual:The Email Addresses you entered do not match. Please try again.,expected:The Email Addresses you entered do no match. Please try again., expected:&amp;lt;The Email Addresses you entered do not match. Please try again.&amp;gt; but was:&amp;lt;The Email Addresses you entered do no match. Please try again.&amp;gt;">
      <![CDATA[java.lang.AssertionError: actual:The Email Addresses you entered do not match. Please try again.,expected:The Email Addresses you entered do no match. Please try again., expected:<The Email Addresses you entered do not match. Please try again.> but was:<The Email Addresses you entered do no match. Please try again.>
at org.testng.AssertJUnit.assertEquals(AssertJUnit.java:101)
at FG_RegistrationTest.mopileRegTest.testresult(mopileRegTest.java:288)
at FG_RegistrationTest.mopileRegTest.regTest(mopileRegTest.java:160)
at sun.reflect.NativeMethodAccessorImpl.invoke0(Native Method)
at sun.reflect.NativeMethodAccessorImpl.invoke(Unknown Source)
at sun.reflect.DelegatingMethodAccessorImpl.invoke(Unknown Source)
at java.lang.reflect.Method.invoke(Unknown Source)
at org.testng.internal.MethodInvocationHelper.invokeMethod(MethodInvocationHelper.java:124)
at org.testng.internal.Invoker.invokeMethod(Invoker.java:583)
at org.testng.internal.Invoker.invokeTestMethod(Invoker.java:719)
at org.testng.internal.Invoker.invokeTestMethods(Invoker.java:989)
at org.testng.internal.TestMethodWorker.invokeTestMethods(TestMethodWorker.java:125)
at org.testng.internal.TestMethodWorker.run(TestMethodWorker.java:109)
at org.testng.TestRunner.privateRun(TestRunner.java:648)
at org.testng.TestRunner.run(TestRunner.java:505)
at org.testng.SuiteRunner.runTest(SuiteRunner.java:455)
at org.testng.SuiteRunner.runSequentially(SuiteRunner.java:450)
at org.testng.SuiteRunner.privateRun(SuiteRunner.java:415)
at org.testng.SuiteRunner.run(SuiteRunner.java:364)
at org.testng.SuiteRunnerWorker.runSuite(SuiteRunnerWorker.java:52)
at org.testng.SuiteRunnerWorker.run(SuiteRunnerWorker.java:84)
at org.testng.TestNG.runSuitesSequentially(TestNG.java:1208)
at org.testng.TestNG.runSuitesLocally(TestNG.java:1137)
at org.testng.TestNG.runSuites(TestNG.java:1049)
at org.testng.TestNG.run(TestNG.java:1017)
at org.testng.remote.AbstractRemoteTestNG.run(AbstractRemoteTestNG.java:114)
at org.testng.remote.RemoteTestNG.initAndRun(RemoteTestNG.java:251)
at org.testng.remote.RemoteTestNG.main(RemoteTestNG.java:77)
]]>
    </failure>
  </testcase> <!-- regTest -->
  <testcase name="regTest" time="115.832" classname="FG_RegistrationTest.mopileRegTest"/>
  <testcase name="regTest" time="0.036" classname="FG_RegistrationTest.mopileRegTest">
    <skipped/>
  </testcase> <!-- regTest -->
  <testcase name="regTest" time="0.008" classname="FG_RegistrationTest.mopileRegTest">
    <skipped/>
  </testcase> <!-- regTest -->
  <testcase name="regTest" time="0.002" classname="FG_RegistrationTest.mopileRegTest">
    <skipped/>
  </testcase> <!-- regTest -->
  <testcase name="regTest" time="0.003" classname="FG_RegistrationTest.mopileRegTest">
    <skipped/>
  </testcase> <!-- regTest -->
  <testcase name="regTest" time="0.002" classname="FG_RegistrationTest.mopileRegTest">
    <skipped/>
  </testcase> <!-- regTest -->
  <testcase name="regTest" time="0.003" classname="FG_RegistrationTest.mopileRegTest">
    <skipped/>
  </testcase> <!-- regTest -->
  <testcase name="regTest" time="0.003" classname="FG_RegistrationTest.mopileRegTest">
    <skipped/>
  </testcase> <!-- regTest -->
  <testcase name="regTest" time="0.002" classname="FG_RegistrationTest.mopileRegTest">
    <skipped/>
  </testcase> <!-- regTest -->
</testsuite> <!-- Default test -->
